<?xml version="1.0" encoding="UTF-8"?>
<!-- Generated by org.testng.reporters.JUnitXMLReporter -->
<testsuite ignored="2" hostname="LAPTOP-T63LL3UT" failures="0" tests="0" time="0.011" errors="0" timestamp="2025-09-22T10:27:44 IST">
  <testcase classname="testscript.ManageNewsTest" name="postANewsInManageNewsTest" time="0.0">
    <ignored/>
  </testcase> <!-- postANewsInManageNewsTest -->
  <testcase classname="testscript.ManageNewsTest" name="updateANewsInManageNewsTest" time="0.0">
    <ignored/>
  </testcase> <!-- updateANewsInManageNewsTest -->
</testsuite>
