<?xml version="1.0" encoding="UTF-8"?>
<testng-results ignored="0" total="2" passed="1" failed="1" skipped="0">
  <reporter-output>
  </reporter-output>
  <suite started-at="2025-09-11T10:23:30 IST" name="Suite" finished-at="2025-09-11T10:23:40 IST" duration-ms="10607">
    <groups>
    </groups>
    <test started-at="2025-09-11T10:23:30 IST" name="Test" finished-at="2025-09-11T10:23:40 IST" duration-ms="10607">
      <class name="testscript.ManageCategoryTest">
        <test-method is-config="true" signature="initialisebrowser(java.lang.String)[pri:0, instance:testscript.ManageCategoryTest@7b98f307]" started-at="2025-09-11T10:23:30 IST" name="initialisebrowser" finished-at="2025-09-11T10:23:32 IST" duration-ms="2851" status="PASS">
          <params>
            <param index="0">
              <value>
                <![CDATA[chrome]]>
              </value>
            </param>
          </params>
          <reporter-output>
          </reporter-output>
        </test-method> <!-- initialisebrowser -->
        <test-method signature="editImage()[pri:1, instance:testscript.ManageCategoryTest@7b98f307]" started-at="2025-09-11T10:23:32 IST" name="editImage" finished-at="2025-09-11T10:23:36 IST" duration-ms="4090" status="FAIL">
          <exception class="java.lang.NullPointerException">
            <message>
              <![CDATA[Cannot invoke "pages.ManageCategoryPage.isSuccessAlertDisplayed()" because "this.managecategorypage" is null]]>
            </message>
            <full-stacktrace>
              <![CDATA[java.lang.NullPointerException: Cannot invoke "pages.ManageCategoryPage.isSuccessAlertDisplayed()" because "this.managecategorypage" is null
at testscript.ManageCategoryTest.editImage(ManageCategoryTest.java:35)
at java.base/jdk.internal.reflect.DirectMethodHandleAccessor.invoke(DirectMethodHandleAccessor.java:103)
at java.base/java.lang.reflect.Method.invoke(Method.java:580)
at org.testng.internal.invokers.MethodInvocationHelper.invokeMethod(MethodInvocationHelper.java:141)
at org.testng.internal.invokers.TestInvoker.invokeMethod(TestInvoker.java:686)
at org.testng.internal.invokers.TestInvoker.invokeTestMethod(TestInvoker.java:230)
at org.testng.internal.invokers.MethodRunner.runInSequence(MethodRunner.java:63)
at org.testng.internal.invokers.TestInvoker$MethodInvocationAgent.invoke(TestInvoker.java:992)
at org.testng.internal.invokers.TestInvoker.invokeTestMethods(TestInvoker.java:203)
at org.testng.internal.invokers.TestMethodWorker.invokeTestMethods(TestMethodWorker.java:154)
at org.testng.internal.invokers.TestMethodWorker.run(TestMethodWorker.java:134)
at java.base/java.util.ArrayList.forEach(ArrayList.java:1596)
at org.testng.TestRunner.privateRun(TestRunner.java:739)
at org.testng.TestRunner.run(TestRunner.java:614)
at org.testng.SuiteRunner.runTest(SuiteRunner.java:421)
at org.testng.SuiteRunner.runSequentially(SuiteRunner.java:413)
at org.testng.SuiteRunner.privateRun(SuiteRunner.java:373)
at org.testng.SuiteRunner.run(SuiteRunner.java:312)
at org.testng.SuiteRunnerWorker.runSuite(SuiteRunnerWorker.java:52)
at org.testng.SuiteRunnerWorker.run(SuiteRunnerWorker.java:95)
at org.testng.TestNG.runSuitesSequentially(TestNG.java:1274)
at org.testng.TestNG.runSuitesLocally(TestNG.java:1208)
at org.testng.TestNG.runSuites(TestNG.java:1112)
at org.testng.TestNG.run(TestNG.java:1079)
at org.testng.remote.AbstractRemoteTestNG.run(AbstractRemoteTestNG.java:115)
at org.testng.remote.RemoteTestNG.initAndRun(RemoteTestNG.java:293)
at org.testng.remote.RemoteTestNG.main(RemoteTestNG.java:91)
]]>
            </full-stacktrace>
          </exception> <!-- java.lang.NullPointerException -->
          <reporter-output>
          </reporter-output>
        </test-method> <!-- editImage -->
        <test-method is-config="true" signature="browserQuit(org.testng.ITestResult)[pri:0, instance:testscript.ManageCategoryTest@7b98f307]" started-at="2025-09-11T10:23:36 IST" name="browserQuit" finished-at="2025-09-11T10:23:37 IST" duration-ms="425" status="PASS">
          <params>
            <param index="0">
              <value>
                <![CDATA[[TestResult name=editImage status=FAILURE method=ManageCategoryTest.editImage()[pri:1, instance:testscript.ManageCategoryTest@7b98f307] output={null}]]]>
              </value>
            </param>
          </params>
          <reporter-output>
          </reporter-output>
        </test-method> <!-- browserQuit -->
        <test-method is-config="true" signature="initialisebrowser(java.lang.String)[pri:0, instance:testscript.ManageCategoryTest@7b98f307]" started-at="2025-09-11T10:23:37 IST" name="initialisebrowser" finished-at="2025-09-11T10:23:40 IST" duration-ms="2621" status="PASS">
          <params>
            <param index="0">
              <value>
                <![CDATA[chrome]]>
              </value>
            </param>
          </params>
          <reporter-output>
          </reporter-output>
        </test-method> <!-- initialisebrowser -->
        <test-method signature="addNewCategory()[pri:2, instance:testscript.ManageCategoryTest@7b98f307]" started-at="2025-09-11T10:23:40 IST" name="addNewCategory" finished-at="2025-09-11T10:23:40 IST" duration-ms="374" status="PASS">
          <reporter-output>
          </reporter-output>
        </test-method> <!-- addNewCategory -->
        <test-method is-config="true" signature="browserQuit(org.testng.ITestResult)[pri:0, instance:testscript.ManageCategoryTest@7b98f307]" started-at="2025-09-11T10:23:40 IST" name="browserQuit" finished-at="2025-09-11T10:23:40 IST" duration-ms="190" status="PASS">
          <params>
            <param index="0">
              <value>
                <![CDATA[[TestResult name=addNewCategory status=SUCCESS method=ManageCategoryTest.addNewCategory()[pri:2, instance:testscript.ManageCategoryTest@7b98f307] output={null}]]]>
              </value>
            </param>
          </params>
          <reporter-output>
          </reporter-output>
        </test-method> <!-- browserQuit -->
      </class> <!-- testscript.ManageCategoryTest -->
    </test> <!-- Test -->
  </suite> <!-- Suite -->
</testng-results>
