<?xml version="1.0" encoding="UTF-8"?>
<testng-results ignored="0" total="0" passed="0" failed="0" skipped="0">
  <reporter-output>
  </reporter-output>
  <suite started-at="2025-09-22T10:27:44 IST" name="MultiBrowserTesting" finished-at="2025-09-22T10:27:44 IST" duration-ms="11">
    <groups>
    </groups>
    <test started-at="2025-09-22T10:27:44 IST" name="ChromeTest" finished-at="2025-09-22T10:27:44 IST" duration-ms="11">
    </test> <!-- ChromeTest -->
  </suite> <!-- MultiBrowserTesting -->
</testng-results>
