<?xml version="1.0" encoding="UTF-8"?>
<!-- Generated by org.testng.reporters.JUnitXMLReporter -->
<testsuite ignored="3" hostname="LAPTOP-T63LL3UT" failures="0" tests="1" name="Test" time="6.761" errors="0" timestamp="2025-09-11T09:36:40 IST">
  <testcase classname="testscript.Logintest" name="verifyUserCanLoginWithCorrectUsernameAndPassword" time="2.529"/>
  <testcase classname="testscript.Logintest" name="verifyUserCanLoginWithInvalidUsernameCorrectPassword" time="0.0">
    <ignored/>
  </testcase> <!-- verifyUserCanLoginWithInvalidUsernameCorrectPassword -->
  <testcase classname="testscript.Logintest" name="verifyUserCanLoginWithCorrectUsernameAndInvalidPassword" time="0.0">
    <ignored/>
  </testcase> <!-- verifyUserCanLoginWithCorrectUsernameAndInvalidPassword -->
  <testcase classname="testscript.Logintest" name="verifyUserCanLoginWithInvalidUsernameAndInvalidPassword" time="0.0">
    <ignored/>
  </testcase> <!-- verifyUserCanLoginWithInvalidUsernameAndInvalidPassword -->
</testsuite> <!-- Test -->
