<?xml version="1.0" encoding="UTF-8"?>
<!-- Generated by org.testng.reporters.JUnitXMLReporter -->
<testsuite ignored="0" hostname="LAPTOP-T63LL3UT" failures="0" tests="4" name="chromeTest" time="13.367" errors="0" timestamp="2025-09-16T10:02:38 IST">
  <testcase classname="testscript.Logintest" name="verifyUserCanLoginWithCorrectUsernameAndInvalidPassword" time="0.965"/>
  <testcase classname="testscript.Logintest" name="verifyUserCanLoginWithCorrectUsernameAndPassword" time="0.668"/>
  <testcase classname="testscript.Logintest" name="verifyUserCanLoginWithInvalidUsernameAndInvalidPassword" time="0.532"/>
  <testcase classname="testscript.Logintest" name="verifyUserCanLoginWithInvalidUsernameCorrectPassword" time="0.499"/>
</testsuite> <!-- chromeTest -->
