<?xml version="1.0" encoding="UTF-8"?>
<!-- Generated by org.testng.reporters.JUnitXMLReporter -->
<testsuite ignored="0" hostname="LAPTOP-T63LL3UT" failures="0" tests="4" name="firefoxTest" time="21.704" errors="0" timestamp="2025-09-16T10:03:00 IST">
  <testcase classname="testscript.Logintest" name="verifyUserCanLoginWithCorrectUsernameAndInvalidPassword" time="0.404"/>
  <testcase classname="testscript.Logintest" name="verifyUserCanLoginWithCorrectUsernameAndPassword" time="0.66"/>
  <testcase classname="testscript.Logintest" name="verifyUserCanLoginWithInvalidUsernameAndInvalidPassword" time="0.324"/>
  <testcase classname="testscript.Logintest" name="verifyUserCanLoginWithInvalidUsernameCorrectPassword" time="0.354"/>
</testsuite> <!-- firefoxTest -->
