<?xml version="1.0" encoding="UTF-8"?>
<!-- Generated by org.testng.reporters.JUnitXMLReporter -->
<testsuite ignored="0" hostname="LAPTOP-T63LL3UT" failures="0" tests="4" name="frefoxTest" time="0.039" errors="0" timestamp="2025-09-16T10:01:11 IST">
  <testcase classname="testscript.Logintest" name="verifyUserCanLoginWithCorrectUsernameAndInvalidPassword" time="0.0">
    <skipped/>
  </testcase> <!-- verifyUserCanLoginWithCorrectUsernameAndInvalidPassword -->
  <testcase classname="testscript.Logintest" name="verifyUserCanLoginWithCorrectUsernameAndPassword" time="0.0">
    <skipped/>
  </testcase> <!-- verifyUserCanLoginWithCorrectUsernameAndPassword -->
  <testcase classname="testscript.Logintest" name="verifyUserCanLoginWithInvalidUsernameAndInvalidPassword" time="0.0">
    <skipped/>
  </testcase> <!-- verifyUserCanLoginWithInvalidUsernameAndInvalidPassword -->
  <testcase classname="testscript.Logintest" name="verifyUserCanLoginWithInvalidUsernameCorrectPassword" time="0.0">
    <skipped/>
  </testcase> <!-- verifyUserCanLoginWithInvalidUsernameCorrectPassword -->
</testsuite> <!-- frefoxTest -->
