<?xml version="1.0" encoding="UTF-8"?>
<!-- Generated by org.testng.reporters.JUnitXMLReporter -->
<testsuite ignored="0" hostname="LAPTOP-T63LL3UT" failures="1" tests="2" name="Test" time="10.607" errors="0" timestamp="2025-09-11T10:23:40 IST">
  <testcase classname="testscript.ManageCategoryTest" name="editImage" time="4.09">
    <failure type="java.lang.NullPointerException" message="Cannot invoke &amp;quot;pages.ManageCategoryPage.isSuccessAlertDisplayed()&amp;quot; because &amp;quot;this.managecategorypage&amp;quot; is null">
      <![CDATA[java.lang.NullPointerException: Cannot invoke "pages.ManageCategoryPage.isSuccessAlertDisplayed()" because "this.managecategorypage" is null
at testscript.ManageCategoryTest.editImage(ManageCategoryTest.java:35)
at java.base/java.util.ArrayList.forEach(ArrayList.java:1596)
... Removed 25 stack frames]]>
    </failure>
  </testcase> <!-- editImage -->
  <testcase classname="testscript.ManageCategoryTest" name="addNewCategory" time="0.374"/>
</testsuite> <!-- Test -->
