<?xml version="1.0" encoding="UTF-8"?>
<!-- Generated by org.testng.reporters.JUnitXMLReporter -->
<testsuite ignored="1" hostname="LAPTOP-T63LL3UT" failures="0" tests="1" name="Test" time="7.067" errors="0" timestamp="2025-09-16T10:25:28 IST">
  <testcase classname="testscript.AdminUsersTest" name="updateDetailsOfAnExistingAdminInAdminUsersTest" time="3.67"/>
  <testcase classname="testscript.AdminUsersTest" name="addANewAdminInAdminUsersTest" time="0.0">
    <ignored/>
  </testcase> <!-- addANewAdminInAdminUsersTest -->
</testsuite> <!-- Test -->
