<?xml version="1.0" encoding="UTF-8"?>
<!-- Generated by org.testng.reporters.JUnitXMLReporter -->
<testsuite ignored="0" hostname="LAPTOP-T63LL3UT" failures="0" tests="5" name="ChromeTest" time="21.641" errors="0" timestamp="2025-09-22T09:41:58 IST">
  <testcase classname="testscript.LoginTest" name="verificationOfLoginWithValidUsernameAndPasswordTest" time="0.782"/>
  <testcase classname="testscript.ManageContactTest" name="updateContactInfoInManageCategory" time="4.524"/>
  <testcase classname="testscript.LoginTest" name="verificationOfLoginWithValidUsernameAndInvalidPasswordTest" time="0.496"/>
  <testcase classname="testscript.LoginTest" name="verificationOfLoginWithInvalidUsernameAndValidPasswordTest" time="0.517"/>
  <testcase classname="testscript.LoginTest" name="verificationOfLoginWithInvalidUsernameAnddPasswordTest" time="0.42"/>
</testsuite> <!-- ChromeTest -->
